<?xml version="1.0" encoding="UTF-8"?>
<!-- Generated by org.testng.reporters.JUnitXMLReporter -->
<testsuite ignored="11" hostname="BIKASHS-WIN10" failures="0" tests="1" name="Default test" time="0.055" errors="0" timestamp="2025-03-19T13:12:19 IST">
  <testcase classname="stringmanipulations.StringOperations" name="s" time="0.011"/>
  <testcase classname="stringmanipulations.StringOperations" name="findDuplicateElements" time="0.0">
    <ignored/>
  </testcase> <!-- findDuplicateElements -->
  <testcase classname="stringmanipulations.StringOperations" name="removeDuplicatesFromString" time="0.0">
    <ignored/>
  </testcase> <!-- removeDuplicatesFromString -->
  <testcase classname="stringmanipulations.StringOperations" name="findDuplicateCharacters" time="0.0">
    <ignored/>
  </testcase> <!-- findDuplicateCharacters -->
  <testcase classname="stringmanipulations.StringOperations" name="trimString" time="0.0">
    <ignored/>
  </testcase> <!-- trimString -->
  <testcase classname="stringmanipulations.StringOperations" name="subString" time="0.0">
    <ignored/>
  </testcase> <!-- subString -->
  <testcase classname="stringmanipulations.StringOperations" name="findLengthOfString" time="0.0">
    <ignored/>
  </testcase> <!-- findLengthOfString -->
  <testcase classname="stringmanipulations.StringOperations" name="occuranceOfEveryCharacter" time="0.0">
    <ignored/>
  </testcase> <!-- occuranceOfEveryCharacter -->
  <testcase classname="stringmanipulations.StringOperations" name="reverseTheWords" time="0.0">
    <ignored/>
  </testcase> <!-- reverseTheWords -->
  <testcase classname="stringmanipulations.StringOperations" name="findVowelsAndConsonents" time="0.0">
    <ignored/>
  </testcase> <!-- findVowelsAndConsonents -->
  <testcase classname="stringmanipulations.StringOperations" name="basicStringOperations" time="0.0">
    <ignored/>
  </testcase> <!-- basicStringOperations -->
  <testcase classname="stringmanipulations.StringOperations" name="firstNonRepeatingChar" time="0.0">
    <ignored/>
  </testcase> <!-- firstNonRepeatingChar -->
</testsuite> <!-- Default test -->
