<?xml version="1.0" encoding="UTF-8"?>
<!-- Generated by org.testng.reporters.JUnitXMLReporter -->
<testsuite ignored="0" hostname="BIKASHS-WIN10" failures="1" tests="5" name="Test" time="0.063" errors="0" timestamp="2025-03-12T16:54:42 IST">
  <testcase classname="stringmanipulations.StringOperations" name="findDuplicateElements" time="0.01"/>
  <testcase classname="stringmanipulations.StringOperations" name="occuranceOfEveryCharacter" time="0.009"/>
  <testcase classname="stringmanipulations.DemoString" name="demoStringTest1" time="0.007"/>
  <testcase classname="stringmanipulations.DemoString" name="demoStringTest2" time="0.012"/>
  <testcase classname="stringmanipulations.StringOperations" name="reverseTheWords" time="0.015">
    <failure type="java.lang.AssertionError" message="null">
      <![CDATA[java.lang.AssertionError: null
at stringmanipulations.StringOperations.reverseTheWords(StringOperations.java:66)
at java.base/java.util.concurrent.ThreadPoolExecutor.runWorker(ThreadPoolExecutor.java:1144)
at java.base/java.util.concurrent.ThreadPoolExecutor$Worker.run(ThreadPoolExecutor.java:642)
at java.base/java.lang.Thread.run(Thread.java:1575)
... Removed 12 stack frames]]>
    </failure>
  </testcase> <!-- reverseTheWords -->
</testsuite> <!-- Test -->
