<?xml version="1.0" encoding="UTF-8"?>
<!-- Generated by org.testng.reporters.JUnitXMLReporter -->
<testsuite ignored="0" hostname="BIKASHS-WIN10" failures="0" tests="11" name="Test" time="0.065" errors="0" timestamp="2025-03-17T17:20:24 IST">
  <testcase classname="stringmanipulations.StringOperations" name="findVowelsAndConsonents" time="0.005"/>
  <testcase classname="stringmanipulations.StringOperations" name="findLengthOfString" time="0.004"/>
  <testcase classname="stringmanipulations.StringOperations" name="basicStringOperations" time="0.004"/>
  <testcase classname="stringmanipulations.StringOperations" name="findDuplicateElements" time="0.006"/>
  <testcase classname="stringmanipulations.StringOperations" name="findDuplicateCharacters" time="0.006"/>
  <testcase classname="stringmanipulations.StringOperations" name="firstNonRepeatingChar" time="0.0"/>
  <testcase classname="stringmanipulations.DemoString" name="demoStringTest1" time="0.001"/>
  <testcase classname="stringmanipulations.StringOperations" name="reverseTheWords" time="0.001"/>
  <testcase classname="stringmanipulations.DemoString" name="demoStringTest2" time="0.002"/>
  <testcase classname="stringmanipulations.StringOperations" name="occuranceOfEveryCharacter" time="0.001"/>
  <testcase classname="stringmanipulations.StringOperations" name="removeDuplicatesFromString" time="0.005"/>
</testsuite> <!-- Test -->
