<?xml version="1.0" encoding="UTF-8"?>
<testng-results ignored="0" total="11" passed="11" failed="0" skipped="0">
  <reporter-output>
  </reporter-output>
  <suite started-at="2025-03-17T17:20:24 IST" name="Suite" finished-at="2025-03-17T17:20:24 IST" duration-ms="65">
    <groups>
    </groups>
    <test started-at="2025-03-17T17:20:24 IST" name="Test" finished-at="2025-03-17T17:20:24 IST" duration-ms="65">
      <class name="stringmanipulations.StringOperations">
        <test-method is-config="true" signature="beforeTest()[pri:0, instance:stringmanipulations.StringOperations@40ef3420]" started-at="2025-03-17T17:20:24 IST" name="beforeTest" finished-at="2025-03-17T17:20:24 IST" duration-ms="1" status="PASS">
          <reporter-output>
          </reporter-output>
        </test-method> <!-- beforeTest -->
        <test-method signature="basicStringOperations()[pri:0, instance:stringmanipulations.StringOperations@40ef3420]" started-at="2025-03-17T17:20:24 IST" name="basicStringOperations" finished-at="2025-03-17T17:20:24 IST" duration-ms="4" status="PASS">
          <reporter-output>
          </reporter-output>
        </test-method> <!-- basicStringOperations -->
        <test-method signature="findDuplicateCharacters()[pri:0, instance:stringmanipulations.StringOperations@40ef3420]" started-at="2025-03-17T17:20:24 IST" name="findDuplicateCharacters" finished-at="2025-03-17T17:20:24 IST" duration-ms="6" status="PASS">
          <reporter-output>
          </reporter-output>
        </test-method> <!-- findDuplicateCharacters -->
        <test-method signature="findLengthOfString()[pri:0, instance:stringmanipulations.StringOperations@40ef3420]" started-at="2025-03-17T17:20:24 IST" name="findLengthOfString" finished-at="2025-03-17T17:20:24 IST" duration-ms="4" status="PASS">
          <reporter-output>
          </reporter-output>
        </test-method> <!-- findLengthOfString -->
        <test-method signature="findVowelsAndConsonents()[pri:0, instance:stringmanipulations.StringOperations@40ef3420]" started-at="2025-03-17T17:20:24 IST" name="findVowelsAndConsonents" finished-at="2025-03-17T17:20:24 IST" duration-ms="5" status="PASS">
          <reporter-output>
          </reporter-output>
        </test-method> <!-- findVowelsAndConsonents -->
        <test-method signature="findDuplicateElements()[pri:0, instance:stringmanipulations.StringOperations@40ef3420]" started-at="2025-03-17T17:20:24 IST" name="findDuplicateElements" finished-at="2025-03-17T17:20:24 IST" duration-ms="6" status="PASS">
          <reporter-output>
          </reporter-output>
        </test-method> <!-- findDuplicateElements -->
        <test-method signature="firstNonRepeatingChar()[pri:0, instance:stringmanipulations.StringOperations@40ef3420]" started-at="2025-03-17T17:20:24 IST" name="firstNonRepeatingChar" finished-at="2025-03-17T17:20:24 IST" duration-ms="0" status="PASS">
          <reporter-output>
          </reporter-output>
        </test-method> <!-- firstNonRepeatingChar -->
        <test-method signature="removeDuplicatesFromString()[pri:0, instance:stringmanipulations.StringOperations@40ef3420]" started-at="2025-03-17T17:20:24 IST" name="removeDuplicatesFromString" finished-at="2025-03-17T17:20:24 IST" duration-ms="5" status="PASS">
          <reporter-output>
          </reporter-output>
        </test-method> <!-- removeDuplicatesFromString -->
        <test-method signature="occuranceOfEveryCharacter()[pri:0, instance:stringmanipulations.StringOperations@40ef3420]" started-at="2025-03-17T17:20:24 IST" name="occuranceOfEveryCharacter" finished-at="2025-03-17T17:20:24 IST" duration-ms="1" status="PASS">
          <reporter-output>
          </reporter-output>
        </test-method> <!-- occuranceOfEveryCharacter -->
        <test-method signature="reverseTheWords()[pri:0, instance:stringmanipulations.StringOperations@40ef3420]" started-at="2025-03-17T17:20:24 IST" name="reverseTheWords" finished-at="2025-03-17T17:20:24 IST" duration-ms="1" status="PASS">
          <reporter-output>
          </reporter-output>
        </test-method> <!-- reverseTheWords -->
      </class> <!-- stringmanipulations.StringOperations -->
      <class name="stringmanipulations.DemoString">
        <test-method is-config="true" signature="beforeTest()[pri:0, instance:stringmanipulations.DemoString@384ad17b]" started-at="2025-03-17T17:20:24 IST" name="beforeTest" finished-at="2025-03-17T17:20:24 IST" duration-ms="11" status="PASS">
          <reporter-output>
          </reporter-output>
        </test-method> <!-- beforeTest -->
        <test-method signature="demoStringTest1()[pri:0, instance:stringmanipulations.DemoString@384ad17b]" started-at="2025-03-17T17:20:24 IST" name="demoStringTest1" finished-at="2025-03-17T17:20:24 IST" duration-ms="1" status="PASS">
          <reporter-output>
          </reporter-output>
        </test-method> <!-- demoStringTest1 -->
        <test-method signature="demoStringTest2()[pri:0, instance:stringmanipulations.DemoString@384ad17b]" started-at="2025-03-17T17:20:24 IST" name="demoStringTest2" finished-at="2025-03-17T17:20:24 IST" duration-ms="2" status="PASS">
          <reporter-output>
          </reporter-output>
        </test-method> <!-- demoStringTest2 -->
      </class> <!-- stringmanipulations.DemoString -->
    </test> <!-- Test -->
  </suite> <!-- Suite -->
</testng-results>
