<?xml version="1.0" encoding="UTF-8"?>
<testng-results ignored="0" total="9" passed="8" failed="1" skipped="0">
  <reporter-output>
  </reporter-output>
  <suite started-at="2025-03-17T16:32:12 IST" name="Default suite" finished-at="2025-03-17T16:32:12 IST" duration-ms="104">
    <groups>
    </groups>
    <test started-at="2025-03-17T16:32:12 IST" name="Default test" finished-at="2025-03-17T16:32:12 IST" duration-ms="104">
      <class name="stringmanipulations.StringOperations">
        <test-method is-config="true" signature="beforeTest()[pri:0, instance:stringmanipulations.StringOperations@40005471]" started-at="2025-03-17T16:32:12 IST" name="beforeTest" finished-at="2025-03-17T16:32:12 IST" duration-ms="9" status="PASS">
          <reporter-output>
          </reporter-output>
        </test-method> <!-- beforeTest -->
        <test-method signature="basicStringOperations()[pri:0, instance:stringmanipulations.StringOperations@40005471]" started-at="2025-03-17T16:32:12 IST" name="basicStringOperations" finished-at="2025-03-17T16:32:12 IST" duration-ms="9" status="PASS">
          <reporter-output>
          </reporter-output>
        </test-method> <!-- basicStringOperations -->
        <test-method signature="findDuplicateCharacters()[pri:0, instance:stringmanipulations.StringOperations@40005471]" started-at="2025-03-17T16:32:12 IST" name="findDuplicateCharacters" finished-at="2025-03-17T16:32:12 IST" duration-ms="2" status="PASS">
          <reporter-output>
          </reporter-output>
        </test-method> <!-- findDuplicateCharacters -->
        <test-method signature="findDuplicateElements()[pri:0, instance:stringmanipulations.StringOperations@40005471]" started-at="2025-03-17T16:32:12 IST" name="findDuplicateElements" finished-at="2025-03-17T16:32:12 IST" duration-ms="2" status="PASS">
          <reporter-output>
          </reporter-output>
        </test-method> <!-- findDuplicateElements -->
        <test-method signature="findLengthOfString()[pri:0, instance:stringmanipulations.StringOperations@40005471]" started-at="2025-03-17T16:32:12 IST" name="findLengthOfString" finished-at="2025-03-17T16:32:12 IST" duration-ms="3" status="PASS">
          <reporter-output>
          </reporter-output>
        </test-method> <!-- findLengthOfString -->
        <test-method signature="findVowelsAndConsonents()[pri:0, instance:stringmanipulations.StringOperations@40005471]" started-at="2025-03-17T16:32:12 IST" name="findVowelsAndConsonents" finished-at="2025-03-17T16:32:12 IST" duration-ms="3" status="PASS">
          <reporter-output>
          </reporter-output>
        </test-method> <!-- findVowelsAndConsonents -->
        <test-method signature="firstNonRepeatingChar()[pri:0, instance:stringmanipulations.StringOperations@40005471]" started-at="2025-03-17T16:32:12 IST" name="firstNonRepeatingChar" finished-at="2025-03-17T16:32:12 IST" duration-ms="4" status="PASS">
          <reporter-output>
          </reporter-output>
        </test-method> <!-- firstNonRepeatingChar -->
        <test-method signature="occuranceOfEveryCharacter()[pri:0, instance:stringmanipulations.StringOperations@40005471]" started-at="2025-03-17T16:32:12 IST" name="occuranceOfEveryCharacter" finished-at="2025-03-17T16:32:12 IST" duration-ms="3" status="PASS">
          <reporter-output>
          </reporter-output>
        </test-method> <!-- occuranceOfEveryCharacter -->
        <test-method signature="removeDuplicatesFromString()[pri:0, instance:stringmanipulations.StringOperations@40005471]" started-at="2025-03-17T16:32:12 IST" name="removeDuplicatesFromString" finished-at="2025-03-17T16:32:12 IST" duration-ms="3" status="PASS">
          <reporter-output>
          </reporter-output>
        </test-method> <!-- removeDuplicatesFromString -->
        <test-method signature="reverseTheWords()[pri:0, instance:stringmanipulations.StringOperations@40005471]" started-at="2025-03-17T16:32:12 IST" name="reverseTheWords" finished-at="2025-03-17T16:32:12 IST" duration-ms="7" status="FAIL">
          <exception class="java.lang.AssertionError">
            <message>
              <![CDATA[null]]>
            </message>
            <full-stacktrace>
              <![CDATA[java.lang.AssertionError: null
at org.testng.Assert.fail(Assert.java:111)
at org.testng.Assert.fail(Assert.java:116)
at stringmanipulations.StringOperations.reverseTheWords(StringOperations.java:68)
at java.base/jdk.internal.reflect.DirectMethodHandleAccessor.invoke(DirectMethodHandleAccessor.java:103)
at java.base/java.lang.reflect.Method.invoke(Method.java:580)
at org.testng.internal.invokers.MethodInvocationHelper.invokeMethod(MethodInvocationHelper.java:139)
at org.testng.internal.invokers.TestInvoker.invokeMethod(TestInvoker.java:664)
at org.testng.internal.invokers.TestInvoker.invokeTestMethod(TestInvoker.java:227)
at org.testng.internal.invokers.MethodRunner.runInSequence(MethodRunner.java:50)
at org.testng.internal.invokers.TestInvoker$MethodInvocationAgent.invoke(TestInvoker.java:957)
at org.testng.internal.invokers.TestInvoker.invokeTestMethods(TestInvoker.java:200)
at org.testng.internal.invokers.TestMethodWorker.invokeTestMethods(TestMethodWorker.java:148)
at org.testng.internal.invokers.TestMethodWorker.run(TestMethodWorker.java:128)
at java.base/java.util.ArrayList.forEach(ArrayList.java:1597)
at org.testng.TestRunner.privateRun(TestRunner.java:848)
at org.testng.TestRunner.run(TestRunner.java:621)
at org.testng.SuiteRunner.runTest(SuiteRunner.java:443)
at org.testng.SuiteRunner.runSequentially(SuiteRunner.java:437)
at org.testng.SuiteRunner.privateRun(SuiteRunner.java:397)
at org.testng.SuiteRunner.run(SuiteRunner.java:336)
at org.testng.SuiteRunnerWorker.runSuite(SuiteRunnerWorker.java:52)
at org.testng.SuiteRunnerWorker.run(SuiteRunnerWorker.java:95)
at org.testng.TestNG.runSuitesSequentially(TestNG.java:1280)
at org.testng.TestNG.runSuitesLocally(TestNG.java:1200)
at org.testng.TestNG.runSuites(TestNG.java:1114)
at org.testng.TestNG.run(TestNG.java:1082)
at org.testng.remote.AbstractRemoteTestNG.run(AbstractRemoteTestNG.java:115)
at org.testng.remote.RemoteTestNG.initAndRun(RemoteTestNG.java:293)
at org.testng.remote.RemoteTestNG.main(RemoteTestNG.java:91)
]]>
            </full-stacktrace>
          </exception> <!-- java.lang.AssertionError -->
          <reporter-output>
          </reporter-output>
        </test-method> <!-- reverseTheWords -->
      </class> <!-- stringmanipulations.StringOperations -->
    </test> <!-- Default test -->
  </suite> <!-- Default suite -->
</testng-results>
