<?xml version="1.0" encoding="UTF-8"?>
<testng-results ignored="0" total="1" passed="1" failed="0" skipped="0">
  <reporter-output>
  </reporter-output>
  <suite started-at="2025-03-19T13:12:19 IST" name="Default suite" finished-at="2025-03-19T13:12:19 IST" duration-ms="55">
    <groups>
    </groups>
    <test started-at="2025-03-19T13:12:19 IST" name="Default test" finished-at="2025-03-19T13:12:19 IST" duration-ms="55">
      <class name="stringmanipulations.StringOperations">
        <test-method signature="s()[pri:0, instance:stringmanipulations.StringOperations@7586beff]" started-at="2025-03-19T13:12:19 IST" name="s" finished-at="2025-03-19T13:12:19 IST" duration-ms="11" status="PASS">
          <reporter-output>
          </reporter-output>
        </test-method> <!-- s -->
      </class> <!-- stringmanipulations.StringOperations -->
    </test> <!-- Default test -->
  </suite> <!-- Default suite -->
</testng-results>
